<?xml version="1.0" encoding="UTF-8"?>
<!-- Generated by org.testng.reporters.JUnitReportReporter -->
<testsuite hostname="DESKTOP-6PI5CNR" failures="0" tests="1" name="testngscript.properties1" time="0.008" errors="0" timestamp="2024-03-04T10:51:27 IST" skipped="0">
  <testcase classname="testngscript.properties1" name="fetchprop" time="0.008"/>
  <system-out/>
</testsuite> <!-- testngscript.properties1 -->
