<?xml version="1.0" encoding="UTF-8"?>
<!-- Generated by org.testng.reporters.JUnitReportReporter -->
<testsuite hostname="DESKTOP-6PI5CNR" failures="0" tests="1" name="Testng_report.extentreport" time="0.439" errors="0" timestamp="2024-03-01T11:07:37 IST" skipped="0">
  <testcase classname="Testng_report.extentreport" name="report1" time="0.439"/>
  <system-out/>
</testsuite> <!-- Testng_report.extentreport -->
