<?xml version="1.0" encoding="UTF-8"?>
<!-- Generated by org.testng.reporters.JUnitReportReporter -->
<testsuite hostname="DESKTOP-6PI5CNR" failures="0" tests="1" name="Testng_report.Logreport" time="0.033" errors="0" timestamp="2024-03-01T11:18:56 IST" skipped="0">
  <testcase classname="Testng_report.Logreport" name="console" time="0.033"/>
  <system-out/>
</testsuite> <!-- Testng_report.Logreport -->
