<?xml version="1.0" encoding="UTF-8"?>
<!-- Generated by org.testng.reporters.JUnitReportReporter -->
<testsuite hostname="DESKTOP-6PI5CNR" failures="0" tests="2" name="testngscript.parallel" time="7.500" errors="0" timestamp="2024-03-02T10:26:11 IST" skipped="0">
  <testcase classname="testngscript.parallel" name="exec" time="3.361"/>
  <system-out/>
  <testcase classname="testngscript.parallel" name="exec" time="4.139"/>
  <system-out/>
</testsuite> <!-- testngscript.parallel -->
