<?xml version="1.0" encoding="UTF-8"?>
<!-- Generated by org.testng.reporters.JUnitReportReporter -->
<testsuite hostname="DESKTOP-6PI5CNR" failures="0" tests="3" name="Dataprovider.RunnerclassDataprovider" time="0.008" errors="0" timestamp="2024-03-05T10:45:01 IST" skipped="0">
  <testcase classname="Dataprovider.RunnerclassDataprovider" name="LoginTest" time="0.001"/>
  <system-out/>
  <testcase classname="Dataprovider.RunnerclassDataprovider" name="LoginTest" time="0.006"/>
  <system-out/>
  <testcase classname="Dataprovider.RunnerclassDataprovider" name="LoginTest" time="0.001"/>
  <system-out/>
</testsuite> <!-- Dataprovider.RunnerclassDataprovider -->
