<?xml version="1.0" encoding="UTF-8"?>
<!-- Generated by org.testng.reporters.JUnitReportReporter -->
<testsuite hostname="DESKTOP-6PI5CNR" failures="0" tests="1" name="Groups.Group1" time="0.012" errors="0" timestamp="2024-03-05T10:26:58 IST" skipped="0">
  <testcase classname="Groups.Group1" name="test1" time="0.012"/>
  <system-out/>
</testsuite> <!-- Groups.Group1 -->
