<?xml version="1.0" encoding="UTF-8"?>
<!-- Generated by org.testng.reporters.JUnitXMLReporter -->
<testsuite ignored="0" hostname="DESKTOP-6PI5CNR" failures="0" tests="1" name="Test-firefox" time="3.394" errors="0" timestamp="2024-03-02T10:26:10 IST">
  <testcase classname="testngscript.parallel" name="exec" time="3.361"/>
</testsuite> <!-- Test-firefox -->
