<?xml version="1.0" encoding="UTF-8"?>
<!-- Generated by org.testng.reporters.JUnitXMLReporter -->
<testsuite ignored="0" hostname="DESKTOP-6PI5CNR" failures="0" tests="1" name="Test-chrome" time="4.17" errors="0" timestamp="2024-03-02T10:26:11 IST">
  <testcase classname="testngscript.parallel" name="exec" time="4.139"/>
</testsuite> <!-- Test-chrome -->
